<?xml version="1.0" encoding="UTF-8"?>
<!-- Generated by org.testng.reporters.JUnitXMLReporter -->
<testsuite hostname="DESKTOP-KA84PVC" ignored="0" name="Default test" tests="3" failures="0" timestamp="08 Jan 2022 02:21:28 GMT" time="13.467" errors="0">
  <testcase name="configAPI" time="2.432" classname="qaautomation.november2021.APITestAfterRefactor"/>
  <testcase name="dashboardAPI" time="2.376" classname="qaautomation.november2021.APITestAfterRefactor"/>
  <testcase name="fakerTest" time="0.127" classname="qaautomation.november2021.APITestAfterRefactor"/>
</testsuite> <!-- Default test -->
