<?xml version="1.0" encoding="UTF-8"?>
<!-- Generated by org.testng.reporters.JUnitXMLReporter -->
<testsuite hostname="DESKTOP-KA84PVC" ignored="0" name="Test" tests="6" failures="0" timestamp="08 Jan 2022 02:56:36 GMT" time="18.902" errors="0">
  <testcase name="configAPI" time="1.817" classname="qaautomation.november2021.APITestAfterRefactor"/>
  <testcase name="dashboardAPI" time="2.381" classname="qaautomation.november2021.APITestAfterRefactor"/>
  <testcase name="fakerTest" time="0.115" classname="qaautomation.november2021.APITestAfterRefactor"/>
  <testcase name="testLoginAPI" time="2.052" classname="qaautomation.november2021.APITest"/>
  <testcase name="dashboardAPI" time="2.06" classname="qaautomation.november2021.APITest"/>
  <testcase name="userAPI" time="1.921" classname="qaautomation.november2021.APITest"/>
</testsuite> <!-- Test -->
