<?xml version="1.0" encoding="UTF-8"?>
<testng-results skipped="0" failed="0" ignored="0" total="6" passed="6">
  <reporter-output>
  </reporter-output>
  <suite name="Suite" duration-ms="18902" started-at="2022-01-08T02:56:17Z" finished-at="2022-01-08T02:56:36Z">
    <groups>
    </groups>
    <test name="Test" duration-ms="18902" started-at="2022-01-08T02:56:17Z" finished-at="2022-01-08T02:56:36Z">
      <class name="qaautomation.november2021.APITest">
        <test-method status="PASS" signature="testLoginAPI()[pri:1, instance:qaautomation.november2021.APITest@2552f2cb]" name="testLoginAPI" duration-ms="2052" started-at="2022-01-08T02:56:30Z" finished-at="2022-01-08T02:56:32Z">
          <reporter-output>
          </reporter-output>
        </test-method> <!-- testLoginAPI -->
        <test-method status="PASS" signature="dashboardAPI()[pri:2, instance:qaautomation.november2021.APITest@2552f2cb]" name="dashboardAPI" duration-ms="2060" started-at="2022-01-08T02:56:32Z" finished-at="2022-01-08T02:56:34Z">
          <reporter-output>
          </reporter-output>
        </test-method> <!-- dashboardAPI -->
        <test-method status="PASS" signature="userAPI()[pri:3, instance:qaautomation.november2021.APITest@2552f2cb]" name="userAPI" duration-ms="1921" started-at="2022-01-08T02:56:34Z" finished-at="2022-01-08T02:56:36Z">
          <reporter-output>
          </reporter-output>
        </test-method> <!-- userAPI -->
      </class> <!-- qaautomation.november2021.APITest -->
      <class name="qaautomation.november2021.APITestAfterRefactor">
        <test-method status="PASS" signature="login()[pri:0, instance:qaautomation.november2021.APITestAfterRefactor@3ebff828]" name="login" is-config="true" duration-ms="4157" started-at="2022-01-08T02:56:17Z" finished-at="2022-01-08T02:56:21Z">
          <reporter-output>
          </reporter-output>
        </test-method> <!-- login -->
        <test-method status="PASS" signature="configAPI()[pri:0, instance:qaautomation.november2021.APITestAfterRefactor@3ebff828]" name="configAPI" duration-ms="1817" started-at="2022-01-08T02:56:21Z" finished-at="2022-01-08T02:56:23Z">
          <reporter-output>
          </reporter-output>
        </test-method> <!-- configAPI -->
        <test-method status="PASS" signature="login()[pri:0, instance:qaautomation.november2021.APITestAfterRefactor@3ebff828]" name="login" is-config="true" duration-ms="2157" started-at="2022-01-08T02:56:23Z" finished-at="2022-01-08T02:56:25Z">
          <reporter-output>
          </reporter-output>
        </test-method> <!-- login -->
        <test-method status="PASS" signature="dashboardAPI()[pri:0, instance:qaautomation.november2021.APITestAfterRefactor@3ebff828]" name="dashboardAPI" duration-ms="2381" started-at="2022-01-08T02:56:25Z" finished-at="2022-01-08T02:56:28Z">
          <reporter-output>
          </reporter-output>
        </test-method> <!-- dashboardAPI -->
        <test-method status="PASS" signature="login()[pri:0, instance:qaautomation.november2021.APITestAfterRefactor@3ebff828]" name="login" is-config="true" duration-ms="2139" started-at="2022-01-08T02:56:28Z" finished-at="2022-01-08T02:56:30Z">
          <reporter-output>
          </reporter-output>
        </test-method> <!-- login -->
        <test-method status="PASS" signature="fakerTest()[pri:0, instance:qaautomation.november2021.APITestAfterRefactor@3ebff828]" name="fakerTest" duration-ms="115" started-at="2022-01-08T02:56:30Z" finished-at="2022-01-08T02:56:30Z">
          <reporter-output>
          </reporter-output>
        </test-method> <!-- fakerTest -->
      </class> <!-- qaautomation.november2021.APITestAfterRefactor -->
    </test> <!-- Test -->
  </suite> <!-- Suite -->
</testng-results>
