<?xml version="1.0" encoding="UTF-8"?>
<testng-results ignored="0" total="2" passed="2" failed="0" skipped="0">
  <reporter-output>
  </reporter-output>
  <suite started-at="2026-09-15T09:36:13Z" name="Suite" finished-at="2026-09-15T09:36:23Z" duration-ms="9575">
    <groups>
    </groups>
    <test started-at="2026-09-15T09:36:13Z" name="Test" finished-at="2026-09-15T09:36:23Z" duration-ms="9575">
      <class name="qaautomation.november2021.AppTestAssertContains">
        <test-method is-config="true" signature="createDriver()[pri:0, instance:qaautomation.november2021.AppTestAssertContains@e15b7e8]" started-at="2026-09-15T09:36:13Z" name="createDriver" finished-at="2026-09-15T09:36:20Z" duration-ms="6635" status="PASS">
          <reporter-output>
          </reporter-output>
        </test-method> <!-- createDriver -->
        <test-method signature="testDrivenMethod()[pri:0, instance:qaautomation.november2021.AppTestAssertContains@e15b7e8]" started-at="2026-09-15T09:36:20Z" name="testDrivenMethod" description="login will be working just fine" finished-at="2026-09-15T09:36:21Z" duration-ms="855" status="PASS">
          <reporter-output>
          </reporter-output>
        </test-method> <!-- testDrivenMethod -->
        <test-method is-config="true" signature="quitDriver()[pri:0, instance:qaautomation.november2021.AppTestAssertContains@e15b7e8]" started-at="2026-09-15T09:36:21Z" name="quitDriver" finished-at="2026-09-15T09:36:23Z" duration-ms="1907" status="PASS">
          <reporter-output>
          </reporter-output>
        </test-method> <!-- quitDriver -->
      </class> <!-- qaautomation.november2021.AppTestAssertContains -->
      <class name="qaautomation.november2021.AppTest">
        <test-method is-config="true" signature="createDriver()[pri:0, instance:qaautomation.november2021.AppTest@1b2abca6]" started-at="2026-09-15T09:36:13Z" name="createDriver" finished-at="2026-09-15T09:36:20Z" duration-ms="6644" status="PASS">
          <reporter-output>
          </reporter-output>
        </test-method> <!-- createDriver -->
        <test-method is-config="true" signature="setUpPages()[pri:0, instance:qaautomation.november2021.AppTest@1b2abca6]" started-at="2026-09-15T09:36:20Z" name="setUpPages" finished-at="2026-09-15T09:36:20Z" duration-ms="12" status="PASS">
          <reporter-output>
          </reporter-output>
        </test-method> <!-- setUpPages -->
        <test-method signature="test1()[pri:0, instance:qaautomation.november2021.AppTest@1b2abca6]" started-at="2026-09-15T09:36:20Z" name="test1" description="login will be working just fine" finished-at="2026-09-15T09:36:21Z" duration-ms="878" status="PASS">
          <reporter-output>
          </reporter-output>
        </test-method> <!-- test1 -->
        <test-method is-config="true" signature="quitDriver()[pri:0, instance:qaautomation.november2021.AppTest@1b2abca6]" started-at="2026-09-15T09:36:21Z" name="quitDriver" finished-at="2026-09-15T09:36:21Z" duration-ms="345" status="PASS">
          <reporter-output>
          </reporter-output>
        </test-method> <!-- quitDriver -->
      </class> <!-- qaautomation.november2021.AppTest -->
    </test> <!-- Test -->
  </suite> <!-- Suite -->
</testng-results>
