<?xml version="1.0" encoding="UTF-8"?>
<testng-results skipped="0" failed="0" ignored="0" total="3" passed="3">
  <reporter-output>
  </reporter-output>
  <suite name="Default suite" duration-ms="13467" started-at="2022-01-08T02:21:14Z" finished-at="2022-01-08T02:21:28Z">
    <groups>
    </groups>
    <test name="Default test" duration-ms="13467" started-at="2022-01-08T02:21:14Z" finished-at="2022-01-08T02:21:28Z">
      <class name="qaautomation.november2021.APITestAfterRefactor">
        <test-method status="PASS" signature="login()[pri:0, instance:qaautomation.november2021.APITestAfterRefactor@4a9cc6cb]" name="login" is-config="true" duration-ms="4219" started-at="2022-01-08T02:21:14Z" finished-at="2022-01-08T02:21:18Z">
          <reporter-output>
          </reporter-output>
        </test-method> <!-- login -->
        <test-method status="PASS" signature="configAPI()[pri:0, instance:qaautomation.november2021.APITestAfterRefactor@4a9cc6cb]" name="configAPI" duration-ms="2432" started-at="2022-01-08T02:21:19Z" finished-at="2022-01-08T02:21:21Z">
          <reporter-output>
          </reporter-output>
        </test-method> <!-- configAPI -->
        <test-method status="PASS" signature="login()[pri:0, instance:qaautomation.november2021.APITestAfterRefactor@4a9cc6cb]" name="login" is-config="true" duration-ms="2065" started-at="2022-01-08T02:21:21Z" finished-at="2022-01-08T02:21:23Z">
          <reporter-output>
          </reporter-output>
        </test-method> <!-- login -->
        <test-method status="PASS" signature="dashboardAPI()[pri:0, instance:qaautomation.november2021.APITestAfterRefactor@4a9cc6cb]" name="dashboardAPI" duration-ms="2376" started-at="2022-01-08T02:21:23Z" finished-at="2022-01-08T02:21:25Z">
          <reporter-output>
          </reporter-output>
        </test-method> <!-- dashboardAPI -->
        <test-method status="PASS" signature="login()[pri:0, instance:qaautomation.november2021.APITestAfterRefactor@4a9cc6cb]" name="login" is-config="true" duration-ms="2134" started-at="2022-01-08T02:21:25Z" finished-at="2022-01-08T02:21:28Z">
          <reporter-output>
          </reporter-output>
        </test-method> <!-- login -->
        <test-method status="PASS" signature="fakerTest()[pri:0, instance:qaautomation.november2021.APITestAfterRefactor@4a9cc6cb]" name="fakerTest" duration-ms="127" started-at="2022-01-08T02:21:28Z" finished-at="2022-01-08T02:21:28Z">
          <reporter-output>
          </reporter-output>
        </test-method> <!-- fakerTest -->
      </class> <!-- qaautomation.november2021.APITestAfterRefactor -->
    </test> <!-- Default test -->
  </suite> <!-- Default suite -->
</testng-results>
